<!DOCTYPE html PUBLIC "-//W3C//DTD XHTML 1.1//EN" "http://www.w3.org/TR/xhtml11/DTD/xhtml11.dtd">
<html xmlns="http://www.w3.org/1999/xhtml">
<head>
<meta http-equiv="content-type" content="text/html; charset=UTF-8"/>
<title>TestNG Report</title>
<style type="text/css">table {margin-bottom:10px;border-collapse:collapse;empty-cells:show}th,td {border:1px solid #009;padding:.25em .5em}th {vertical-align:bottom}td {vertical-align:top}table a {font-weight:bold}.stripe td {background-color: #E6EBF9}.num {text-align:right}.passedodd td {background-color: #3F3}.passedeven td {background-color: #0A0}.skippedodd td {background-color: #DDD}.skippedeven td {background-color: #CCC}.failedodd td,.attn {background-color: #F33}.failedeven td,.stripe .attn {background-color: #D00}.stacktrace {white-space:pre;font-family:monospace}.totop {font-size:85%;text-align:center;border-bottom:2px solid #000}.invisible {display:none}</style>
</head>
<body>
<table>
<tr><th>Test</th><th># Passed</th><th># Skipped</th><th># Failed</th><th>Time (ms)</th><th>Included Groups</th><th>Excluded Groups</th></tr>
<tr><th colspan="7">search-module</th></tr>
<tr><td><a href="#t0">search_1</a></td><td class="num">1</td><td class="num">0</td><td class="num">0</td><td class="num">6,952</td><td></td><td></td></tr>
<tr class="stripe"><td><a href="#t1">search_2</a></td><td class="num">0</td><td class="num">0</td><td class="num attn">1</td><td class="num">33,579</td><td></td><td></td></tr>
<tr><td><a href="#t2">search_3</a></td><td class="num">0</td><td class="num">0</td><td class="num attn">1</td><td class="num">15,951</td><td></td><td></td></tr>
<tr class="stripe"><td><a href="#t3">search_4</a></td><td class="num">0</td><td class="num">0</td><td class="num attn">1</td><td class="num">5,563</td><td></td><td></td></tr>
<tr><td><a href="#t4">search_5</a></td><td class="num">0</td><td class="num">0</td><td class="num attn">1</td><td class="num">34,297</td><td></td><td></td></tr>
<tr><th>Total</th><th class="num">1</th><th class="num">0</th><th class="num attn">4</th><th class="num">96,342</th><th colspan="2"></th></tr>
</table>
<table id='summary'><thead><tr><th>Class</th><th>Method</th><th>Start</th><th>Time (ms)</th></tr></thead><tbody><tr><th colspan="4">search-module</th></tr></tbody><tbody id="t0"><tr><th colspan="4">search_1 &#8212; passed</th></tr><tr class="passedeven"><td rowspan="1">com.searchmodule.tests.SearchTest</td><td><a href="#m0">search</a></td><td rowspan="1">1573618034915</td><td rowspan="1">3675</td></tr></tbody>
<tbody id="t1"><tr><th colspan="4">search_2 &#8212; failed</th></tr><tr class="failedeven"><td rowspan="1">com.searchmodule.tests.SearchTest</td><td><a href="#m1">search</a></td><td rowspan="1">1573618041143</td><td rowspan="1">31104</td></tr></tbody>
<tbody id="t2"><tr><th colspan="4">search_3 &#8212; failed (configuration methods)</th></tr><tr class="failedeven"><td rowspan="1">com.searchmodule.tests.SearchTest</td><td><a href="#m2">quitBrowser</a></td><td rowspan="1">1573618088815</td><td rowspan="1">11</td></tr><tr><th colspan="4">search_3 &#8212; failed</th></tr><tr class="failedeven"><td rowspan="1">com.searchmodule.tests.SearchTest</td><td><a href="#m3">search</a></td><td rowspan="1">1573618074793</td><td rowspan="1">14022</td></tr></tbody>
<tbody id="t3"><tr><th colspan="4">search_4 &#8212; failed (configuration methods)</th></tr><tr class="failedeven"><td rowspan="1">com.searchmodule.tests.SearchTest</td><td><a href="#m4">quitBrowser</a></td><td rowspan="1">1573618094402</td><td rowspan="1">18</td></tr><tr><th colspan="4">search_4 &#8212; failed</th></tr><tr class="failedeven"><td rowspan="1">com.searchmodule.tests.SearchTest</td><td><a href="#m5">search</a></td><td rowspan="1">1573618090777</td><td rowspan="1">3625</td></tr></tbody>
<tbody id="t4"><tr><th colspan="4">search_5 &#8212; failed</th></tr><tr class="failedeven"><td rowspan="1">com.searchmodule.tests.SearchTest</td><td><a href="#m6">search</a></td><td rowspan="1">1573618096495</td><td rowspan="1">31636</td></tr></tbody>
</table>
<h2>search_1</h2><h3 id="m0">com.searchmodule.tests.SearchTest#search</h3><table class="result"><tr class="param"><th>Parameter #1</th></tr><tr class="param stripe"><td>java</td></tr></table><p class="totop"><a href="#summary">back to summary</a></p>
<h2>search_2</h2><h3 id="m1">com.searchmodule.tests.SearchTest#search</h3><table class="result"><tr class="param"><th>Parameter #1</th></tr><tr class="param stripe"><td>qa</td></tr><tr><th>Exception</th></tr><tr><td><div class="stacktrace">org.openqa.selenium.TimeoutException: Expected condition failed: waiting for number to be more than &quot;2&quot;. Current number: &quot;2&quot; (tried for 30 second(s) with 500 milliseconds interval)
Build info: version: &apos;3.14.0&apos;, revision: &apos;aacccce0&apos;, time: &apos;2018-08-02T20:19:58.91Z&apos;
System info: host: &apos;DESKTOP-FCV789S&apos;, ip: &apos;10.0.75.1&apos;, os.name: &apos;Windows 10&apos;, os.arch: &apos;amd64&apos;, os.version: &apos;10.0&apos;, java.version: &apos;1.8.0_221&apos;
Driver info: org.openqa.selenium.remote.RemoteWebDriver
Capabilities {acceptInsecureCerts: true, browserName: firefox, browserVersion: 63.0, javascriptEnabled: true, moz:accessibilityChecks: false, moz:geckodriverVersion: 0.23.0, moz:headless: false, moz:processID: 1340, moz:profile: /tmp/rust_mozprofile.DUCMa8..., moz:useNonSpecCompliantPointerOrigin: false, moz:webdriverClick: true, pageLoadStrategy: normal, platform: LINUX, platformName: LINUX, platformVersion: 4.9.125-linuxkit, rotatable: false, setWindowRect: true, timeouts: {implicit: 0, pageLoad: 300000, script: 30000}, unhandledPromptBehavior: dismiss and notify, webdriver.remote.sessionid: 62425bb4-1d64-4b63-aaf5-b12...}
Session ID: 62425bb4-1d64-4b63-aaf5-b125afb86541
	at org.openqa.selenium.support.ui.WebDriverWait.timeoutException(WebDriverWait.java:113)
	at org.openqa.selenium.support.ui.FluentWait.until(FluentWait.java:283)
	at com.searchmodule.pages.SearchPage.doSearch(SearchPage.java:49)
	at com.searchmodule.tests.SearchTest.search(SearchTest.java:17)
... Removed 24 stack frames</div></td></tr></table><p class="totop"><a href="#summary">back to summary</a></p>
<h2>search_3</h2><h3 id="m2">com.searchmodule.tests.SearchTest#quitBrowser</h3><table class="result"><tr><th>Exception</th></tr><tr><td><div class="stacktrace">org.openqa.selenium.NoSuchSessionException: Tried to run command without establishing a connection
Build info: version: &apos;3.14.0&apos;, revision: &apos;aacccce0&apos;, time: &apos;2018-08-02T20:19:58.91Z&apos;
System info: host: &apos;DESKTOP-FCV789S&apos;, ip: &apos;10.0.75.1&apos;, os.name: &apos;Windows 10&apos;, os.arch: &apos;amd64&apos;, os.version: &apos;10.0&apos;, java.version: &apos;1.8.0_221&apos;
Driver info: org.openqa.selenium.remote.RemoteWebDriver
Capabilities {acceptInsecureCerts: true, browserName: firefox, browserVersion: 63.0, javascriptEnabled: true, moz:accessibilityChecks: false, moz:geckodriverVersion: 0.23.0, moz:headless: false, moz:processID: 1495, moz:profile: /tmp/rust_mozprofile.Fvo1Zm..., moz:useNonSpecCompliantPointerOrigin: false, moz:webdriverClick: true, pageLoadStrategy: normal, platform: LINUX, platformName: LINUX, platformVersion: 4.9.125-linuxkit, rotatable: false, setWindowRect: true, timeouts: {implicit: 0, pageLoad: 300000, script: 30000}, unhandledPromptBehavior: dismiss and notify, webdriver.remote.sessionid: 400099bb-65f7-4faa-8a8f-b8a...}
Session ID: 400099bb-65f7-4faa-8a8f-b8a9d48e76ba
	at org.openqa.selenium.remote.http.W3CHttpResponseCodec.createException(W3CHttpResponseCodec.java:187)
	at org.openqa.selenium.remote.http.W3CHttpResponseCodec.decode(W3CHttpResponseCodec.java:122)
	at org.openqa.selenium.remote.http.W3CHttpResponseCodec.decode(W3CHttpResponseCodec.java:49)
	at org.openqa.selenium.remote.HttpCommandExecutor.execute(HttpCommandExecutor.java:158)
	at org.openqa.selenium.remote.RemoteWebDriver.execute(RemoteWebDriver.java:548)
	at org.openqa.selenium.remote.RemoteWebDriver.execute(RemoteWebDriver.java:605)
	at org.openqa.selenium.remote.RemoteWebDriver.quit(RemoteWebDriver.java:448)
	at com.Tests.BaseTest.quitBrowser(BaseTest.java:47)
... Removed 27 stack frames</div></td></tr></table><p class="totop"><a href="#summary">back to summary</a></p>
<h3 id="m3">com.searchmodule.tests.SearchTest#search</h3><table class="result"><tr class="param"><th>Parameter #1</th></tr><tr class="param stripe"><td>webdriver</td></tr><tr><th>Exception</th></tr><tr><td><div class="stacktrace">org.openqa.selenium.WebDriverException: Failed to decode response from marionette
Build info: version: &apos;3.14.0&apos;, revision: &apos;aacccce0&apos;, time: &apos;2018-08-02T20:19:58.91Z&apos;
System info: host: &apos;DESKTOP-FCV789S&apos;, ip: &apos;10.0.75.1&apos;, os.name: &apos;Windows 10&apos;, os.arch: &apos;amd64&apos;, os.version: &apos;10.0&apos;, java.version: &apos;1.8.0_221&apos;
Driver info: org.openqa.selenium.remote.RemoteWebDriver
Capabilities {acceptInsecureCerts: true, browserName: firefox, browserVersion: 63.0, javascriptEnabled: true, moz:accessibilityChecks: false, moz:geckodriverVersion: 0.23.0, moz:headless: false, moz:processID: 1495, moz:profile: /tmp/rust_mozprofile.Fvo1Zm..., moz:useNonSpecCompliantPointerOrigin: false, moz:webdriverClick: true, pageLoadStrategy: normal, platform: LINUX, platformName: LINUX, platformVersion: 4.9.125-linuxkit, rotatable: false, setWindowRect: true, timeouts: {implicit: 0, pageLoad: 300000, script: 30000}, unhandledPromptBehavior: dismiss and notify, webdriver.remote.sessionid: 400099bb-65f7-4faa-8a8f-b8a...}
Session ID: 400099bb-65f7-4faa-8a8f-b8a9d48e76ba
*** Element info: {Using=class name, value=tile--vid}
	at org.openqa.selenium.remote.http.W3CHttpResponseCodec.createException(W3CHttpResponseCodec.java:187)
	at org.openqa.selenium.remote.http.W3CHttpResponseCodec.decode(W3CHttpResponseCodec.java:122)
	at org.openqa.selenium.remote.http.W3CHttpResponseCodec.decode(W3CHttpResponseCodec.java:49)
	at org.openqa.selenium.remote.HttpCommandExecutor.execute(HttpCommandExecutor.java:158)
	at org.openqa.selenium.remote.RemoteWebDriver.execute(RemoteWebDriver.java:548)
	at org.openqa.selenium.remote.RemoteWebDriver.findElements(RemoteWebDriver.java:349)
	at org.openqa.selenium.remote.RemoteWebDriver.findElementsByClassName(RemoteWebDriver.java:412)
	at org.openqa.selenium.By$ByClassName.findElements(By.java:380)
	at org.openqa.selenium.remote.RemoteWebDriver.findElements(RemoteWebDriver.java:310)
	at org.openqa.selenium.support.ui.ExpectedConditions.findElements(ExpectedConditions.java:914)
	at org.openqa.selenium.support.ui.ExpectedConditions.access$200(ExpectedConditions.java:44)
	at org.openqa.selenium.support.ui.ExpectedConditions$34.apply(ExpectedConditions.java:1026)
	at org.openqa.selenium.support.ui.ExpectedConditions$34.apply(ExpectedConditions.java:1021)
	at org.openqa.selenium.support.ui.FluentWait.until(FluentWait.java:260)
	at com.searchmodule.pages.SearchPage.videoLinkCount(SearchPage.java:62)
	at com.searchmodule.tests.SearchTest.search(SearchTest.java:19)
... Removed 28 stack frames</div></td></tr></table><p class="totop"><a href="#summary">back to summary</a></p>
<h2>search_4</h2><h3 id="m4">com.searchmodule.tests.SearchTest#quitBrowser</h3><table class="result"><tr><th>Exception</th></tr><tr><td><div class="stacktrace">org.openqa.selenium.NoSuchSessionException: Tried to run command without establishing a connection
Build info: version: &apos;3.14.0&apos;, revision: &apos;aacccce0&apos;, time: &apos;2018-08-02T20:19:58.91Z&apos;
System info: host: &apos;DESKTOP-FCV789S&apos;, ip: &apos;10.0.75.1&apos;, os.name: &apos;Windows 10&apos;, os.arch: &apos;amd64&apos;, os.version: &apos;10.0&apos;, java.version: &apos;1.8.0_221&apos;
Driver info: org.openqa.selenium.remote.RemoteWebDriver
Capabilities {acceptInsecureCerts: true, browserName: firefox, browserVersion: 63.0, javascriptEnabled: true, moz:accessibilityChecks: false, moz:geckodriverVersion: 0.23.0, moz:headless: false, moz:processID: 1716, moz:profile: /tmp/rust_mozprofile.KcSSjs..., moz:useNonSpecCompliantPointerOrigin: false, moz:webdriverClick: true, pageLoadStrategy: normal, platform: LINUX, platformName: LINUX, platformVersion: 4.9.125-linuxkit, rotatable: false, setWindowRect: true, timeouts: {implicit: 0, pageLoad: 300000, script: 30000}, unhandledPromptBehavior: dismiss and notify, webdriver.remote.sessionid: 2fb14848-052d-46aa-b05b-3ed...}
Session ID: 2fb14848-052d-46aa-b05b-3ed3a5f9a7df
	at org.openqa.selenium.remote.http.W3CHttpResponseCodec.createException(W3CHttpResponseCodec.java:187)
	at org.openqa.selenium.remote.http.W3CHttpResponseCodec.decode(W3CHttpResponseCodec.java:122)
	at org.openqa.selenium.remote.http.W3CHttpResponseCodec.decode(W3CHttpResponseCodec.java:49)
	at org.openqa.selenium.remote.HttpCommandExecutor.execute(HttpCommandExecutor.java:158)
	at org.openqa.selenium.remote.RemoteWebDriver.execute(RemoteWebDriver.java:548)
	at org.openqa.selenium.remote.RemoteWebDriver.execute(RemoteWebDriver.java:605)
	at org.openqa.selenium.remote.RemoteWebDriver.quit(RemoteWebDriver.java:448)
	at com.Tests.BaseTest.quitBrowser(BaseTest.java:47)
... Removed 27 stack frames</div></td></tr></table><p class="totop"><a href="#summary">back to summary</a></p>
<h3 id="m5">com.searchmodule.tests.SearchTest#search</h3><table class="result"><tr class="param"><th>Parameter #1</th></tr><tr class="param stripe"><td>docker</td></tr><tr><th>Exception</th></tr><tr><td><div class="stacktrace">org.openqa.selenium.WebDriverException: Failed to decode response from marionette
Build info: version: &apos;3.14.0&apos;, revision: &apos;aacccce0&apos;, time: &apos;2018-08-02T20:19:58.91Z&apos;
System info: host: &apos;DESKTOP-FCV789S&apos;, ip: &apos;10.0.75.1&apos;, os.name: &apos;Windows 10&apos;, os.arch: &apos;amd64&apos;, os.version: &apos;10.0&apos;, java.version: &apos;1.8.0_221&apos;
Driver info: org.openqa.selenium.remote.RemoteWebDriver
Capabilities {acceptInsecureCerts: true, browserName: firefox, browserVersion: 63.0, javascriptEnabled: true, moz:accessibilityChecks: false, moz:geckodriverVersion: 0.23.0, moz:headless: false, moz:processID: 1716, moz:profile: /tmp/rust_mozprofile.KcSSjs..., moz:useNonSpecCompliantPointerOrigin: false, moz:webdriverClick: true, pageLoadStrategy: normal, platform: LINUX, platformName: LINUX, platformVersion: 4.9.125-linuxkit, rotatable: false, setWindowRect: true, timeouts: {implicit: 0, pageLoad: 300000, script: 30000}, unhandledPromptBehavior: dismiss and notify, webdriver.remote.sessionid: 2fb14848-052d-46aa-b05b-3ed...}
Session ID: 2fb14848-052d-46aa-b05b-3ed3a5f9a7df
	at org.openqa.selenium.remote.http.W3CHttpResponseCodec.createException(W3CHttpResponseCodec.java:187)
	at org.openqa.selenium.remote.http.W3CHttpResponseCodec.decode(W3CHttpResponseCodec.java:122)
	at org.openqa.selenium.remote.http.W3CHttpResponseCodec.decode(W3CHttpResponseCodec.java:49)
	at org.openqa.selenium.remote.HttpCommandExecutor.execute(HttpCommandExecutor.java:158)
	at org.openqa.selenium.remote.RemoteWebDriver.execute(RemoteWebDriver.java:548)
	at org.openqa.selenium.remote.RemoteWebElement.execute(RemoteWebElement.java:276)
	at org.openqa.selenium.remote.RemoteWebElement.click(RemoteWebElement.java:83)
	at org.openqa.selenium.support.pagefactory.internal.LocatingElementHandler.invoke(LocatingElementHandler.java:51)
	at com.sun.proxy.$Proxy9.click(Unknown Source)
	at com.searchmodule.pages.SearchPage.goToVideos(SearchPage.java:57)
	at com.searchmodule.tests.SearchTest.search(SearchTest.java:18)
... Removed 32 stack frames</div></td></tr></table><p class="totop"><a href="#summary">back to summary</a></p>
<h2>search_5</h2><h3 id="m6">com.searchmodule.tests.SearchTest#search</h3><table class="result"><tr class="param"><th>Parameter #1</th></tr><tr class="param stripe"><td>kubernetes</td></tr><tr><th>Exception</th></tr><tr><td><div class="stacktrace">org.openqa.selenium.TimeoutException: Expected condition failed: waiting for number to be more than &quot;2&quot;. Current number: &quot;2&quot; (tried for 30 second(s) with 500 milliseconds interval)
Build info: version: &apos;3.14.0&apos;, revision: &apos;aacccce0&apos;, time: &apos;2018-08-02T20:19:58.91Z&apos;
System info: host: &apos;DESKTOP-FCV789S&apos;, ip: &apos;10.0.75.1&apos;, os.name: &apos;Windows 10&apos;, os.arch: &apos;amd64&apos;, os.version: &apos;10.0&apos;, java.version: &apos;1.8.0_221&apos;
Driver info: org.openqa.selenium.remote.RemoteWebDriver
Capabilities {acceptInsecureCerts: true, browserName: firefox, browserVersion: 63.0, javascriptEnabled: true, moz:accessibilityChecks: false, moz:geckodriverVersion: 0.23.0, moz:headless: false, moz:processID: 1909, moz:profile: /tmp/rust_mozprofile.tsgPpC..., moz:useNonSpecCompliantPointerOrigin: false, moz:webdriverClick: true, pageLoadStrategy: normal, platform: LINUX, platformName: LINUX, platformVersion: 4.9.125-linuxkit, rotatable: false, setWindowRect: true, timeouts: {implicit: 0, pageLoad: 300000, script: 30000}, unhandledPromptBehavior: dismiss and notify, webdriver.remote.sessionid: 2e280eb6-d816-4eae-a7f0-9f7...}
Session ID: 2e280eb6-d816-4eae-a7f0-9f76bfbfe450
	at org.openqa.selenium.support.ui.WebDriverWait.timeoutException(WebDriverWait.java:113)
	at org.openqa.selenium.support.ui.FluentWait.until(FluentWait.java:283)
	at com.searchmodule.pages.SearchPage.doSearch(SearchPage.java:49)
	at com.searchmodule.tests.SearchTest.search(SearchTest.java:17)
... Removed 24 stack frames</div></td></tr></table><p class="totop"><a href="#summary">back to summary</a></p>
</body>
</html>
