<?xml version="1.0" encoding="UTF-8"?>
<!-- Generated by org.testng.reporters.JUnitXMLReporter -->
<testsuite hostname="a99b1f9178ed" ignored="0" name="bookFlight_4" tests="5" failures="1" timestamp="13 Nov 2019 06:08:17 GMT" time="39.11" errors="0">
  <testcase name="registrationPageTest" time="24.974" classname="com.newtours.tests.BookFlightTest"/>
  <testcase name="registrationConfirmationPage" time="1.476" classname="com.newtours.tests.BookFlightTest"/>
  <testcase name="flightDetailsPage" time="1.869" classname="com.newtours.tests.BookFlightTest"/>
  <testcase name="findFlightsPage" time="3.585" classname="com.newtours.tests.BookFlightTest"/>
  <testcase name="flightConfirmationPage" time="1.635" classname="com.newtours.tests.BookFlightTest">
    <failure type="java.lang.AssertionError" message="expected [$1172 USD] but found [$1169 USD]">
      <![CDATA[java.lang.AssertionError: expected [$1172 USD] but found [$1169 USD]
at com.newtours.tests.BookFlightTest.flightConfirmationPage(BookFlightTest.java:60)
at java.util.concurrent.FutureTask.run(FutureTask.java:266)
at java.util.concurrent.ThreadPoolExecutor.runWorker(ThreadPoolExecutor.java:1149)
at java.util.concurrent.ThreadPoolExecutor$Worker.run(ThreadPoolExecutor.java:624)
at java.lang.Thread.run(Thread.java:748)
... Removed 22 stack frames]]>
    </failure>
  </testcase> <!-- flightConfirmationPage -->
</testsuite> <!-- bookFlight_4 -->
