<!DOCTYPE html PUBLIC "-//W3C//DTD XHTML 1.1//EN" "http://www.w3.org/TR/xhtml11/DTD/xhtml11.dtd">
<html xmlns="http://www.w3.org/1999/xhtml">
<head>
<meta http-equiv="content-type" content="text/html; charset=UTF-8"/>
<title>TestNG Report</title>
<style type="text/css">table {margin-bottom:10px;border-collapse:collapse;empty-cells:show}th,td {border:1px solid #009;padding:.25em .5em}th {vertical-align:bottom}td {vertical-align:top}table a {font-weight:bold}.stripe td {background-color: #E6EBF9}.num {text-align:right}.passedodd td {background-color: #3F3}.passedeven td {background-color: #0A0}.skippedodd td {background-color: #DDD}.skippedeven td {background-color: #CCC}.failedodd td,.attn {background-color: #F33}.failedeven td,.stripe .attn {background-color: #D00}.stacktrace {white-space:pre;font-family:monospace}.totop {font-size:85%;text-align:center;border-bottom:2px solid #000}.invisible {display:none}</style>
</head>
<body>
<table>
<tr><th>Test</th><th># Passed</th><th># Skipped</th><th># Failed</th><th>Time (ms)</th><th>Included Groups</th><th>Excluded Groups</th></tr>
<tr><th colspan="7">book-flight-module</th></tr>
<tr><td><a href="#t0">bookFlight_5</a></td><td class="num">0</td><td class="num attn">4</td><td class="num attn">1</td><td class="num">13,062</td><td></td><td></td></tr>
<tr class="stripe"><td><a href="#t1">bookFlight_3</a></td><td class="num">4</td><td class="num">0</td><td class="num attn">1</td><td class="num">72,879</td><td></td><td></td></tr>
<tr><td><a href="#t2">bookFlight_4</a></td><td class="num">4</td><td class="num">0</td><td class="num attn">1</td><td class="num">101,338</td><td></td><td></td></tr>
<tr class="stripe"><td><a href="#t3">bookFlight_2</a></td><td class="num">4</td><td class="num">0</td><td class="num attn">1</td><td class="num">103,121</td><td></td><td></td></tr>
<tr><td><a href="#t4">bookFlight_1</a></td><td class="num">4</td><td class="num">0</td><td class="num attn">1</td><td class="num">134,131</td><td></td><td></td></tr>
<tr><th>Total</th><th class="num">16</th><th class="num attn">4</th><th class="num attn">5</th><th class="num">424,531</th><th colspan="2"></th></tr>
</table>
<table id='summary'><thead><tr><th>Class</th><th>Method</th><th>Start</th><th>Time (ms)</th></tr></thead><tbody><tr><th colspan="4">book-flight-module</th></tr></tbody><tbody id="t0"><tr><th colspan="4">bookFlight_5 &#8212; failed</th></tr><tr class="failedeven"><td rowspan="1">com.newtours.tests.BookFlightTest</td><td><a href="#m0">registrationPageTest</a></td><td rowspan="1">1573536291337</td><td rowspan="1">2791</td></tr><tr><th colspan="4">bookFlight_5 &#8212; skipped</th></tr><tr class="skippedeven"><td rowspan="4">com.newtours.tests.BookFlightTest</td><td><a href="#m1">findFlightsPage</a></td><td rowspan="1">1573536294145</td><td rowspan="1">0</td></tr><tr class="skippedeven"><td><a href="#m2">flightConfirmationPage</a></td><td rowspan="1">1573536294155</td><td rowspan="1">0</td></tr><tr class="skippedeven"><td><a href="#m3">flightDetailsPage</a></td><td rowspan="1">1573536294143</td><td rowspan="1">0</td></tr><tr class="skippedeven"><td><a href="#m4">registrationConfirmationPage</a></td><td rowspan="1">1573536294141</td><td rowspan="1">0</td></tr></tbody>
<tbody id="t1"><tr><th colspan="4">bookFlight_3 &#8212; failed</th></tr><tr class="failedeven"><td rowspan="1">com.newtours.tests.BookFlightTest</td><td><a href="#m5">flightConfirmationPage</a></td><td rowspan="1">1573536346449</td><td rowspan="1">7657</td></tr><tr><th colspan="4">bookFlight_3 &#8212; passed</th></tr><tr class="passedeven"><td rowspan="4">com.newtours.tests.BookFlightTest</td><td><a href="#m6">findFlightsPage</a></td><td rowspan="1">1573536339818</td><td rowspan="1">6630</td></tr><tr class="passedeven"><td><a href="#m7">flightDetailsPage</a></td><td rowspan="1">1573536333928</td><td rowspan="1">5889</td></tr><tr class="passedeven"><td><a href="#m8">registrationConfirmationPage</a></td><td rowspan="1">1573536329919</td><td rowspan="1">4006</td></tr><tr class="passedeven"><td><a href="#m9">registrationPageTest</a></td><td rowspan="1">1573536291337</td><td rowspan="1">38581</td></tr></tbody>
<tbody id="t2"><tr><th colspan="4">bookFlight_4 &#8212; failed</th></tr><tr class="failedeven"><td rowspan="1">com.newtours.tests.BookFlightTest</td><td><a href="#m10">flightConfirmationPage</a></td><td rowspan="1">1573536376659</td><td rowspan="1">5914</td></tr><tr><th colspan="4">bookFlight_4 &#8212; passed</th></tr><tr class="passedeven"><td rowspan="4">com.newtours.tests.BookFlightTest</td><td><a href="#m11">findFlightsPage</a></td><td rowspan="1">1573536369252</td><td rowspan="1">7406</td></tr><tr class="passedeven"><td><a href="#m12">flightDetailsPage</a></td><td rowspan="1">1573536363235</td><td rowspan="1">6015</td></tr><tr class="passedeven"><td><a href="#m13">registrationConfirmationPage</a></td><td rowspan="1">1573536360003</td><td rowspan="1">3230</td></tr><tr class="passedeven"><td><a href="#m14">registrationPageTest</a></td><td rowspan="1">1573536318320</td><td rowspan="1">41681</td></tr></tbody>
<tbody id="t3"><tr><th colspan="4">bookFlight_2 &#8212; failed</th></tr><tr class="failedeven"><td rowspan="1">com.newtours.tests.BookFlightTest</td><td><a href="#m15">flightConfirmationPage</a></td><td rowspan="1">1573536379884</td><td rowspan="1">4281</td></tr><tr><th colspan="4">bookFlight_2 &#8212; passed</th></tr><tr class="passedeven"><td rowspan="4">com.newtours.tests.BookFlightTest</td><td><a href="#m16">findFlightsPage</a></td><td rowspan="1">1573536373021</td><td rowspan="1">6862</td></tr><tr class="passedeven"><td><a href="#m17">flightDetailsPage</a></td><td rowspan="1">1573536367687</td><td rowspan="1">5332</td></tr><tr class="passedeven"><td><a href="#m18">registrationConfirmationPage</a></td><td rowspan="1">1573536364663</td><td rowspan="1">3022</td></tr><tr class="passedeven"><td><a href="#m19">registrationPageTest</a></td><td rowspan="1">1573536331685</td><td rowspan="1">32974</td></tr></tbody>
<tbody id="t4"><tr><th colspan="4">bookFlight_1 &#8212; failed</th></tr><tr class="failedeven"><td rowspan="1">com.newtours.tests.BookFlightTest</td><td><a href="#m20">flightConfirmationPage</a></td><td rowspan="1">1573536384983</td><td rowspan="1">30376</td></tr><tr><th colspan="4">bookFlight_1 &#8212; passed</th></tr><tr class="passedeven"><td rowspan="4">com.newtours.tests.BookFlightTest</td><td><a href="#m21">findFlightsPage</a></td><td rowspan="1">1573536377157</td><td rowspan="1">7825</td></tr><tr class="passedeven"><td><a href="#m22">flightDetailsPage</a></td><td rowspan="1">1573536372649</td><td rowspan="1">4506</td></tr><tr class="passedeven"><td><a href="#m23">registrationConfirmationPage</a></td><td rowspan="1">1573536368540</td><td rowspan="1">4108</td></tr><tr class="passedeven"><td><a href="#m24">registrationPageTest</a></td><td rowspan="1">1573536331801</td><td rowspan="1">36738</td></tr></tbody>
</table>
<h2>bookFlight_5</h2><h3 id="m0">com.newtours.tests.BookFlightTest#registrationPageTest</h3><table class="result"><tr><th>Exception</th></tr><tr><td><div class="stacktrace">org.openqa.selenium.WebDriverException: cannot forward the request unexpected end of stream on Connection{172.17.0.3:40010, proxy=DIRECT hostAddress=/172.17.0.3:40010 cipherSuite=none protocol=http/1.1}
Build info: version: &apos;3.14.0&apos;, revision: &apos;aacccce0&apos;, time: &apos;2018-08-02T20:19:58.91Z&apos;
System info: host: &apos;DESKTOP-FCV789S&apos;, ip: &apos;10.0.75.1&apos;, os.name: &apos;Windows 10&apos;, os.arch: &apos;amd64&apos;, os.version: &apos;10.0&apos;, java.version: &apos;1.8.0_221&apos;
Driver info: org.openqa.selenium.remote.RemoteWebDriver
Capabilities {acceptInsecureCerts: false, browserName: chrome, browserVersion: 78.0.3904.87, chrome: {chromedriverVersion: 78.0.3904.70 (edb9c9f3de024..., userDataDir: /tmp/.com.google.Chrome.e3Jipl}, goog:chromeOptions: {debuggerAddress: localhost:35229}, javascriptEnabled: true, networkConnectionEnabled: false, pageLoadStrategy: normal, platform: LINUX, platformName: LINUX, proxy: Proxy(), setWindowRect: true, strictFileInteractability: false, timeouts: {implicit: 0, pageLoad: 300000, script: 30000}, unhandledPromptBehavior: dismiss and notify, webdriver.remote.sessionid: c52e491ad9e3817ade3dc2fc243...}
Session ID: c52e491ad9e3817ade3dc2fc2438ad05
	at org.openqa.selenium.remote.http.W3CHttpResponseCodec.createException(W3CHttpResponseCodec.java:187)
	at org.openqa.selenium.remote.http.W3CHttpResponseCodec.decode(W3CHttpResponseCodec.java:122)
	at org.openqa.selenium.remote.http.W3CHttpResponseCodec.decode(W3CHttpResponseCodec.java:49)
	at org.openqa.selenium.remote.HttpCommandExecutor.execute(HttpCommandExecutor.java:158)
	at org.openqa.selenium.remote.RemoteWebDriver.execute(RemoteWebDriver.java:548)
	at org.openqa.selenium.remote.RemoteWebDriver.get(RemoteWebDriver.java:276)
	at com.newTours.pages.RegistrationPage.goTo(RegistrationPage.java:40)
	at com.newtours.tests.BookFlightTest.registrationPageTest(BookFlightTest.java:30)
	at java.util.concurrent.FutureTask.run(Unknown Source)
	at java.util.concurrent.ThreadPoolExecutor.runWorker(Unknown Source)
	at java.util.concurrent.ThreadPoolExecutor$Worker.run(Unknown Source)
	at java.lang.Thread.run(Unknown Source)
... Removed 20 stack frames</div></td></tr></table><p class="totop"><a href="#summary">back to summary</a></p>
<h3 id="m1">com.newtours.tests.BookFlightTest#findFlightsPage</h3><table class="result"><tr><th>Exception</th></tr><tr><td><div class="stacktrace">java.lang.Throwable: Method BookFlightTest.findFlightsPage()[pri:0, instance:com.newtours.tests.BookFlightTest@3f49dace] depends on not successfully finished methods
	at java.util.concurrent.FutureTask.run(Unknown Source)
	at java.util.concurrent.ThreadPoolExecutor.runWorker(Unknown Source)
	at java.util.concurrent.ThreadPoolExecutor$Worker.run(Unknown Source)
	at java.lang.Thread.run(Unknown Source)
... Removed 9 stack frames</div></td></tr></table><p class="totop"><a href="#summary">back to summary</a></p>
<h3 id="m2">com.newtours.tests.BookFlightTest#flightConfirmationPage</h3><table class="result"><tr><th>Exception</th></tr><tr><td><div class="stacktrace">java.lang.Throwable: Method BookFlightTest.flightConfirmationPage()[pri:0, instance:com.newtours.tests.BookFlightTest@3f49dace] depends on not successfully finished methods
	at java.util.concurrent.FutureTask.run(Unknown Source)
	at java.util.concurrent.ThreadPoolExecutor.runWorker(Unknown Source)
	at java.util.concurrent.ThreadPoolExecutor$Worker.run(Unknown Source)
	at java.lang.Thread.run(Unknown Source)
... Removed 9 stack frames</div></td></tr></table><p class="totop"><a href="#summary">back to summary</a></p>
<h3 id="m3">com.newtours.tests.BookFlightTest#flightDetailsPage</h3><table class="result"><tr><th>Exception</th></tr><tr><td><div class="stacktrace">java.lang.Throwable: Method BookFlightTest.flightDetailsPage()[pri:0, instance:com.newtours.tests.BookFlightTest@3f49dace] depends on not successfully finished methods
	at java.util.concurrent.FutureTask.run(Unknown Source)
	at java.util.concurrent.ThreadPoolExecutor.runWorker(Unknown Source)
	at java.util.concurrent.ThreadPoolExecutor$Worker.run(Unknown Source)
	at java.lang.Thread.run(Unknown Source)
... Removed 9 stack frames</div></td></tr></table><p class="totop"><a href="#summary">back to summary</a></p>
<h3 id="m4">com.newtours.tests.BookFlightTest#registrationConfirmationPage</h3><table class="result"><tr><th>Exception</th></tr><tr><td><div class="stacktrace">java.lang.Throwable: Method BookFlightTest.registrationConfirmationPage()[pri:0, instance:com.newtours.tests.BookFlightTest@3f49dace] depends on not successfully finished methods
	at java.util.concurrent.FutureTask.run(Unknown Source)
	at java.util.concurrent.ThreadPoolExecutor.runWorker(Unknown Source)
	at java.util.concurrent.ThreadPoolExecutor$Worker.run(Unknown Source)
	at java.lang.Thread.run(Unknown Source)
... Removed 9 stack frames</div></td></tr></table><p class="totop"><a href="#summary">back to summary</a></p>
<h2>bookFlight_3</h2><h3 id="m5">com.newtours.tests.BookFlightTest#flightConfirmationPage</h3><table class="result"><tr><th>Exception</th></tr><tr><td><div class="stacktrace">java.lang.AssertionError: expected [$1171 USD] but found [$1169 USD]
	at com.newtours.tests.BookFlightTest.flightConfirmationPage(BookFlightTest.java:60)
	at java.util.concurrent.FutureTask.run(Unknown Source)
	at java.util.concurrent.ThreadPoolExecutor.runWorker(Unknown Source)
	at java.util.concurrent.ThreadPoolExecutor$Worker.run(Unknown Source)
	at java.lang.Thread.run(Unknown Source)
... Removed 22 stack frames</div></td></tr></table><p class="totop"><a href="#summary">back to summary</a></p>
<h3 id="m6">com.newtours.tests.BookFlightTest#findFlightsPage</h3><table class="result"><tr><th class="invisible"/></tr></table><p class="totop"><a href="#summary">back to summary</a></p>
<h3 id="m7">com.newtours.tests.BookFlightTest#flightDetailsPage</h3><table class="result"><tr><th class="invisible"/></tr></table><p class="totop"><a href="#summary">back to summary</a></p>
<h3 id="m8">com.newtours.tests.BookFlightTest#registrationConfirmationPage</h3><table class="result"><tr><th class="invisible"/></tr></table><p class="totop"><a href="#summary">back to summary</a></p>
<h3 id="m9">com.newtours.tests.BookFlightTest#registrationPageTest</h3><table class="result"><tr><th class="invisible"/></tr></table><p class="totop"><a href="#summary">back to summary</a></p>
<h2>bookFlight_4</h2><h3 id="m10">com.newtours.tests.BookFlightTest#flightConfirmationPage</h3><table class="result"><tr><th>Exception</th></tr><tr><td><div class="stacktrace">java.lang.AssertionError: expected [$1172 USD] but found [$1169 USD]
	at com.newtours.tests.BookFlightTest.flightConfirmationPage(BookFlightTest.java:60)
	at java.util.concurrent.FutureTask.run(Unknown Source)
	at java.util.concurrent.ThreadPoolExecutor.runWorker(Unknown Source)
	at java.util.concurrent.ThreadPoolExecutor$Worker.run(Unknown Source)
	at java.lang.Thread.run(Unknown Source)
... Removed 22 stack frames</div></td></tr></table><p class="totop"><a href="#summary">back to summary</a></p>
<h3 id="m11">com.newtours.tests.BookFlightTest#findFlightsPage</h3><table class="result"><tr><th class="invisible"/></tr></table><p class="totop"><a href="#summary">back to summary</a></p>
<h3 id="m12">com.newtours.tests.BookFlightTest#flightDetailsPage</h3><table class="result"><tr><th class="invisible"/></tr></table><p class="totop"><a href="#summary">back to summary</a></p>
<h3 id="m13">com.newtours.tests.BookFlightTest#registrationConfirmationPage</h3><table class="result"><tr><th class="invisible"/></tr></table><p class="totop"><a href="#summary">back to summary</a></p>
<h3 id="m14">com.newtours.tests.BookFlightTest#registrationPageTest</h3><table class="result"><tr><th class="invisible"/></tr></table><p class="totop"><a href="#summary">back to summary</a></p>
<h2>bookFlight_2</h2><h3 id="m15">com.newtours.tests.BookFlightTest#flightConfirmationPage</h3><table class="result"><tr><th>Exception</th></tr><tr><td><div class="stacktrace">java.lang.AssertionError: expected [$1170 USD] but found [$1169 USD]
	at com.newtours.tests.BookFlightTest.flightConfirmationPage(BookFlightTest.java:60)
	at java.util.concurrent.FutureTask.run(Unknown Source)
	at java.util.concurrent.ThreadPoolExecutor.runWorker(Unknown Source)
	at java.util.concurrent.ThreadPoolExecutor$Worker.run(Unknown Source)
	at java.lang.Thread.run(Unknown Source)
... Removed 22 stack frames</div></td></tr></table><p class="totop"><a href="#summary">back to summary</a></p>
<h3 id="m16">com.newtours.tests.BookFlightTest#findFlightsPage</h3><table class="result"><tr><th class="invisible"/></tr></table><p class="totop"><a href="#summary">back to summary</a></p>
<h3 id="m17">com.newtours.tests.BookFlightTest#flightDetailsPage</h3><table class="result"><tr><th class="invisible"/></tr></table><p class="totop"><a href="#summary">back to summary</a></p>
<h3 id="m18">com.newtours.tests.BookFlightTest#registrationConfirmationPage</h3><table class="result"><tr><th class="invisible"/></tr></table><p class="totop"><a href="#summary">back to summary</a></p>
<h3 id="m19">com.newtours.tests.BookFlightTest#registrationPageTest</h3><table class="result"><tr><th class="invisible"/></tr></table><p class="totop"><a href="#summary">back to summary</a></p>
<h2>bookFlight_1</h2><h3 id="m20">com.newtours.tests.BookFlightTest#flightConfirmationPage</h3><table class="result"><tr><th>Exception</th></tr><tr><td><div class="stacktrace">org.openqa.selenium.TimeoutException: Expected condition failed: waiting for visibility of Proxy element for: DefaultElementLocator &apos;By.xpath: //font[contains(text(),&apos;Flight&apos;)]&apos; (tried for 30 second(s) with 500 milliseconds interval)
	at org.openqa.selenium.support.ui.WebDriverWait.timeoutException(WebDriverWait.java:113)
	at org.openqa.selenium.support.ui.FluentWait.until(FluentWait.java:283)
	at com.newTours.pages.FlightConfirmationPage.getPrice(FlightConfirmationPage.java:34)
	at com.newtours.tests.BookFlightTest.flightConfirmationPage(BookFlightTest.java:59)
	at java.util.concurrent.FutureTask.run(Unknown Source)
	at java.util.concurrent.ThreadPoolExecutor.runWorker(Unknown Source)
	at java.util.concurrent.ThreadPoolExecutor$Worker.run(Unknown Source)
	at java.lang.Thread.run(Unknown Source)
Caused by: org.openqa.selenium.NoSuchElementException: no such element: Unable to locate element: {&quot;method&quot;:&quot;xpath&quot;,&quot;selector&quot;:&quot;//font[contains(text(),&apos;Flight&apos;)]&quot;}
  (Session info: chrome=78.0.3904.87)
For documentation on this error, please visit: http://seleniumhq.org/exceptions/no_such_element.html
Build info: version: &apos;3.14.0&apos;, revision: &apos;aacccce0&apos;, time: &apos;2018-08-02T20:19:58.91Z&apos;
System info: host: &apos;DESKTOP-FCV789S&apos;, ip: &apos;10.0.75.1&apos;, os.name: &apos;Windows 10&apos;, os.arch: &apos;amd64&apos;, os.version: &apos;10.0&apos;, java.version: &apos;1.8.0_221&apos;
Driver info: org.openqa.selenium.remote.RemoteWebDriver
Capabilities {acceptInsecureCerts: false, browserName: chrome, browserVersion: 78.0.3904.87, chrome: {chromedriverVersion: 78.0.3904.70 (edb9c9f3de024..., userDataDir: /tmp/.com.google.Chrome.9cjMAA}, goog:chromeOptions: {debuggerAddress: localhost:38941}, javascriptEnabled: true, networkConnectionEnabled: false, pageLoadStrategy: normal, platform: LINUX, platformName: LINUX, proxy: Proxy(), setWindowRect: true, strictFileInteractability: false, timeouts: {implicit: 0, pageLoad: 300000, script: 30000}, unhandledPromptBehavior: dismiss and notify, webdriver.remote.sessionid: 167dce4d231a60a3546ad441b4d...}
Session ID: 167dce4d231a60a3546ad441b4d413d9
*** Element info: {Using=xpath, value=//font[contains(text(),&apos;Flight&apos;)]}
	at org.openqa.selenium.remote.http.W3CHttpResponseCodec.createException(W3CHttpResponseCodec.java:187)
	at org.openqa.selenium.remote.http.W3CHttpResponseCodec.decode(W3CHttpResponseCodec.java:122)
	at org.openqa.selenium.remote.http.W3CHttpResponseCodec.decode(W3CHttpResponseCodec.java:49)
	at org.openqa.selenium.remote.HttpCommandExecutor.execute(HttpCommandExecutor.java:158)
	at org.openqa.selenium.remote.RemoteWebDriver.execute(RemoteWebDriver.java:548)
	at org.openqa.selenium.remote.RemoteWebDriver.findElement(RemoteWebDriver.java:322)
	at org.openqa.selenium.remote.RemoteWebDriver.findElementByXPath(RemoteWebDriver.java:424)
	at org.openqa.selenium.By$ByXPath.findElement(By.java:353)
	at org.openqa.selenium.remote.RemoteWebDriver.findElement(RemoteWebDriver.java:314)
	at org.openqa.selenium.support.pagefactory.DefaultElementLocator.findElement(DefaultElementLocator.java:69)
	at org.openqa.selenium.support.pagefactory.internal.LocatingElementHandler.invoke(LocatingElementHandler.java:38)
	at com.sun.proxy.$Proxy10.isDisplayed(Unknown Source)
	at org.openqa.selenium.support.ui.ExpectedConditions.elementIfVisible(ExpectedConditions.java:315)
	at org.openqa.selenium.support.ui.ExpectedConditions.access$100(ExpectedConditions.java:44)
	at org.openqa.selenium.support.ui.ExpectedConditions$10.apply(ExpectedConditions.java:301)
	at org.openqa.selenium.support.ui.ExpectedConditions$10.apply(ExpectedConditions.java:298)
	at org.openqa.selenium.support.ui.FluentWait.until(FluentWait.java:260)
	... 22 more
... Removed 19 stack frames</div></td></tr></table><p class="totop"><a href="#summary">back to summary</a></p>
<h3 id="m21">com.newtours.tests.BookFlightTest#findFlightsPage</h3><table class="result"><tr><th class="invisible"/></tr></table><p class="totop"><a href="#summary">back to summary</a></p>
<h3 id="m22">com.newtours.tests.BookFlightTest#flightDetailsPage</h3><table class="result"><tr><th class="invisible"/></tr></table><p class="totop"><a href="#summary">back to summary</a></p>
<h3 id="m23">com.newtours.tests.BookFlightTest#registrationConfirmationPage</h3><table class="result"><tr><th class="invisible"/></tr></table><p class="totop"><a href="#summary">back to summary</a></p>
<h3 id="m24">com.newtours.tests.BookFlightTest#registrationPageTest</h3><table class="result"><tr><th class="invisible"/></tr></table><p class="totop"><a href="#summary">back to summary</a></p>
</body>
</html>
