<?xml version="1.0" encoding="UTF-8"?>
<!-- Generated by org.testng.reporters.JUnitXMLReporter -->
<testsuite hostname="DESKTOP-FCV789S" ignored="0" name="bookFlight_5" tests="5" failures="1" timestamp="12 Nov 2019 03:25:22 GMT" time="88.423" errors="0">
  <testcase name="registrationPageTest" time="70.5" classname="com.newtours.tests.BookFlightTest"/>
  <testcase name="registrationConfirmationPage" time="2.392" classname="com.newtours.tests.BookFlightTest"/>
  <testcase name="flightDetailsPage" time="2.224" classname="com.newtours.tests.BookFlightTest"/>
  <testcase name="findFlightsPage" time="4.15" classname="com.newtours.tests.BookFlightTest"/>
  <testcase name="flightConfirmationPage" time="2.106" classname="com.newtours.tests.BookFlightTest">
    <failure type="java.lang.AssertionError" message="expected [$1173 USD] but found [$1169 USD]">
      <![CDATA[java.lang.AssertionError: expected [$1173 USD] but found [$1169 USD]
at com.newtours.tests.BookFlightTest.flightConfirmationPage(BookFlightTest.java:60)
at java.util.concurrent.FutureTask.run(Unknown Source)
at java.util.concurrent.ThreadPoolExecutor.runWorker(Unknown Source)
at java.util.concurrent.ThreadPoolExecutor$Worker.run(Unknown Source)
at java.lang.Thread.run(Unknown Source)
... Removed 22 stack frames]]>
    </failure>
  </testcase> <!-- flightConfirmationPage -->
</testsuite> <!-- bookFlight_5 -->
